<?xml version="1.0" encoding="UTF-8"?>
<testng-results ignored="1" total="2" passed="0" failed="1" skipped="0">
  <reporter-output>
  </reporter-output>
  <suite started-at="2024-08-16T16:23:46 PKT" name="Default suite" finished-at="2024-08-16T16:24:57 PKT" duration-ms="71024">
    <groups>
    </groups>
    <test started-at="2024-08-16T16:23:46 PKT" name="Default test" finished-at="2024-08-16T16:24:57 PKT" duration-ms="71024">
      <class name="tests.Form1_Submission">
        <test-method is-config="true" signature="setUpSuite()[pri:0, instance:tests.Form1_Submission@7193666c]" started-at="2024-08-16T16:23:45 PKT" name="setUpSuite" finished-at="2024-08-16T16:23:46 PKT" duration-ms="466" status="PASS">
          <reporter-output>
          </reporter-output>
        </test-method> <!-- setUpSuite -->
        <test-method is-config="true" signature="setUp()[pri:0, instance:tests.Form1_Submission@7193666c]" started-at="2024-08-16T16:23:46 PKT" name="setUp" finished-at="2024-08-16T16:23:48 PKT" duration-ms="1955" status="PASS">
          <reporter-output>
          </reporter-output>
        </test-method> <!-- setUp -->
        <test-method signature="testForm1Submission()[pri:1, instance:tests.Form1_Submission@7193666c]" started-at="2024-08-16T16:23:48 PKT" name="testForm1Submission" finished-at="2024-08-16T16:24:57 PKT" duration-ms="69009" status="FAIL">
          <exception class="java.lang.AssertionError">
            <message>
              <![CDATA[Failed to search the record: Expected condition failed: waiting for visibility of element located by By.className: sear4ch-name (tried for 10 second(s) with 500 milliseconds interval)
Build info: version: '4.14.1', revision: '03f8ede370'
System info: os.name: 'Linux', os.arch: 'amd64', os.version: '5.14.0-1054-oem', java.version: '11.0.22'
Driver info: org.openqa.selenium.chrome.ChromeDriver
Capabilities {acceptInsecureCerts: false, browserName: chrome, browserVersion: 112.0.5615.165, chrome: {chromedriverVersion: 112.0.5615.49 (bd2a7bcb881c..., userDataDir: /tmp/.com.google.Chrome.ontrhm}, goog:chromeOptions: {debuggerAddress: localhost:36903}, networkConnectionEnabled: false, pageLoadStrategy: normal, platformName: linux, proxy: Proxy(), se:cdp: ws://localhost:36903/devtoo..., se:cdpVersion: 112.0.5615.165, setWindowRect: true, strictFileInteractability: false, timeouts: {implicit: 0, pageLoad: 300000, script: 30000}, unhandledPromptBehavior: dismiss and notify, webauthn:extension:credBlob: true, webauthn:extension:largeBlob: true, webauthn:extension:minPinLength: true, webauthn:extension:prf: true, webauthn:virtualAuthenticators: true}
Session ID: 3c1f3675a707c6ff9d360d0d5d6e71b1]]>
            </message>
            <full-stacktrace>
              <![CDATA[java.lang.AssertionError: Failed to search the record: Expected condition failed: waiting for visibility of element located by By.className: sear4ch-name (tried for 10 second(s) with 500 milliseconds interval)
Build info: version: '4.14.1', revision: '03f8ede370'
System info: os.name: 'Linux', os.arch: 'amd64', os.version: '5.14.0-1054-oem', java.version: '11.0.22'
Driver info: org.openqa.selenium.chrome.ChromeDriver
Capabilities {acceptInsecureCerts: false, browserName: chrome, browserVersion: 112.0.5615.165, chrome: {chromedriverVersion: 112.0.5615.49 (bd2a7bcb881c..., userDataDir: /tmp/.com.google.Chrome.ontrhm}, goog:chromeOptions: {debuggerAddress: localhost:36903}, networkConnectionEnabled: false, pageLoadStrategy: normal, platformName: linux, proxy: Proxy(), se:cdp: ws://localhost:36903/devtoo..., se:cdpVersion: 112.0.5615.165, setWindowRect: true, strictFileInteractability: false, timeouts: {implicit: 0, pageLoad: 300000, script: 30000}, unhandledPromptBehavior: dismiss and notify, webauthn:extension:credBlob: true, webauthn:extension:largeBlob: true, webauthn:extension:minPinLength: true, webauthn:extension:prf: true, webauthn:virtualAuthenticators: true}
Session ID: 3c1f3675a707c6ff9d360d0d5d6e71b1
at org.testng.Assert.fail(Assert.java:99)
at Pages.Form1.successCriteria_Search_record(Form1.java:153)
at tests.Form1_Submission.testForm1Submission(Form1_Submission.java:64)
at java.base/jdk.internal.reflect.NativeMethodAccessorImpl.invoke0(Native Method)
at java.base/jdk.internal.reflect.NativeMethodAccessorImpl.invoke(NativeMethodAccessorImpl.java:62)
at java.base/jdk.internal.reflect.DelegatingMethodAccessorImpl.invoke(DelegatingMethodAccessorImpl.java:43)
at java.base/java.lang.reflect.Method.invoke(Method.java:566)
at org.testng.internal.MethodInvocationHelper.invokeMethod(MethodInvocationHelper.java:133)
at org.testng.internal.TestInvoker.invokeMethod(TestInvoker.java:598)
at org.testng.internal.TestInvoker.invokeTestMethod(TestInvoker.java:173)
at org.testng.internal.MethodRunner.runInSequence(MethodRunner.java:46)
at org.testng.internal.TestInvoker$MethodInvocationAgent.invoke(TestInvoker.java:824)
at org.testng.internal.TestInvoker.invokeTestMethods(TestInvoker.java:146)
at org.testng.internal.TestMethodWorker.invokeTestMethods(TestMethodWorker.java:146)
at org.testng.internal.TestMethodWorker.run(TestMethodWorker.java:128)
at java.base/java.util.ArrayList.forEach(ArrayList.java:1541)
at org.testng.TestRunner.privateRun(TestRunner.java:794)
at org.testng.TestRunner.run(TestRunner.java:596)
at org.testng.SuiteRunner.runTest(SuiteRunner.java:377)
at org.testng.SuiteRunner.runSequentially(SuiteRunner.java:371)
at org.testng.SuiteRunner.privateRun(SuiteRunner.java:332)
at org.testng.SuiteRunner.run(SuiteRunner.java:276)
at org.testng.SuiteRunnerWorker.runSuite(SuiteRunnerWorker.java:53)
at org.testng.SuiteRunnerWorker.run(SuiteRunnerWorker.java:96)
at org.testng.TestNG.runSuitesSequentially(TestNG.java:1212)
at org.testng.TestNG.runSuitesLocally(TestNG.java:1134)
at org.testng.TestNG.runSuites(TestNG.java:1063)
at org.testng.TestNG.run(TestNG.java:1031)
at org.testng.remote.AbstractRemoteTestNG.run(AbstractRemoteTestNG.java:115)
at org.testng.remote.RemoteTestNG.initAndRun(RemoteTestNG.java:293)
at org.testng.remote.RemoteTestNG.main(RemoteTestNG.java:91)
]]>
            </full-stacktrace>
          </exception> <!-- java.lang.AssertionError -->
          <reporter-output>
          </reporter-output>
        </test-method> <!-- testForm1Submission -->
        <test-method is-config="true" signature="tearDown()[pri:0, instance:tests.Form1_Submission@7193666c]" started-at="2024-08-16T16:24:57 PKT" name="tearDown" finished-at="2024-08-16T16:24:57 PKT" duration-ms="18" status="PASS">
          <reporter-output>
          </reporter-output>
        </test-method> <!-- tearDown -->
        <test-method is-config="true" signature="tearDownSuite()[pri:0, instance:tests.Form1_Submission@7193666c]" started-at="2024-08-16T16:24:57 PKT" name="tearDownSuite" finished-at="2024-08-16T16:24:57 PKT" duration-ms="14" status="PASS">
          <reporter-output>
          </reporter-output>
        </test-method> <!-- tearDownSuite -->
      </class> <!-- tests.Form1_Submission -->
    </test> <!-- Default test -->
  </suite> <!-- Default suite -->
</testng-results>
